{"type":"server-started","port":64429,"host":"127.0.0.1","url_host":"localhost","url":"http://localhost:64429","screen_dir":"/Users/wepan/repo/officina-camper/.superpowers/brainstorm/37782-1780734769/content","state_dir":"/Users/wepan/repo/officina-camper/.superpowers/brainstorm/37782-1780734769/state"}
{"type":"screen-added","file":"/Users/wepan/repo/officina-camper/.superpowers/brainstorm/37782-1780734769/content/welcome.html"}
{"type":"screen-added","file":"/Users/wepan/repo/officina-camper/.superpowers/brainstorm/37782-1780734769/content/hero-layout.html"}
{"source":"user-event","type":"click","text":"NICOLA | OFFICINA CAMPER 🚐\n      \n        \n        \n          IGLESIAS · SARDEGNA\n          La tua casa su ruote,in mani espertee artigiane.\n          💬 WhatsApp\n        \n        \n          🔧\n          Piccola officina a conduzione personale.Prezzi onesti, soluzioni su misura.\n        \n      \n    \n    \n      C — Split: header verde scuro + corpo crema\n      Header colorato verde con titolo e CTA primaria, poi il corpo della pagina torna su fondo crema. Struttura molto ordinata e visivamente forte, nessuna foto necessaria.","choice":"c","id":null,"timestamp":1780735058470}
{"source":"user-event","type":"click","text":"NICOLA | OFFICINA CAMPER 🚐\n      \n        \n        \n          IGLESIAS · SARDEGNA\n          La tua casa su ruote,in mani espertee artigiane.\n          💬 WhatsApp\n        \n        \n          🔧\n          Piccola officina a conduzione personale.Prezzi onesti, soluzioni su misura.\n        \n      \n    \n    \n      C — Split: header verde scuro + corpo crema\n      Header colorato verde con titolo e CTA primaria, poi il corpo della pagina torna su fondo crema. Struttura molto ordinata e visivamente forte, nessuna foto necessaria.","choice":"c","id":null,"timestamp":1780735068454}
{"source":"user-event","type":"click","text":"NICOLA | OFFICINA CAMPER 🚐\n      \n        \n        \n          IGLESIAS · SARDEGNA\n          La tua casa su ruote,in mani espertee artigiane.\n          💬 WhatsApp\n        \n        \n          🔧\n          Piccola officina a conduzione personale.Prezzi onesti, soluzioni su misura.\n        \n      \n    \n    \n      C — Split: header verde scuro + corpo crema\n      Header colorato verde con titolo e CTA primaria, poi il corpo della pagina torna su fondo crema. Struttura molto ordinata e visivamente forte, nessuna foto necessaria.","choice":"c","id":null,"timestamp":1780735068552}
{"source":"user-event","type":"click","text":"NICOLA | OFFICINA CAMPER 🚐\n      \n        \n        \n          IGLESIAS · SARDEGNA\n          La tua casa su ruote,in mani espertee artigiane.\n          💬 WhatsApp\n        \n        \n          🔧\n          Piccola officina a conduzione personale.Prezzi onesti, soluzioni su misura.\n        \n      \n    \n    \n      C — Split: header verde scuro + corpo crema\n      Header colorato verde con titolo e CTA primaria, poi il corpo della pagina torna su fondo crema. Struttura molto ordinata e visivamente forte, nessuna foto necessaria.","choice":"c","id":null,"timestamp":1780735069568}
{"type":"screen-added","file":"/Users/wepan/repo/officina-camper/.superpowers/brainstorm/37782-1780734769/content/services-layout.html"}
{"source":"user-event","type":"click","text":"🔧\n          \n            Manutenzione & Riparazioni\n            Tagliando, olio, filtri, assistenza meccanica di base.\n          \n        \n        \n          ⚡\n          \n            Impianti di Bordo\n            Litio, solare, inverter, 220V, idrico.\n          \n        \n        \n          💧\n          \n            Cura & Igiene\n            Cisterne, sanificazione tessuti, moquette.\n          \n        \n        + 2 servizi…\n      \n    \n    \n      A — Card list con accento colorato\n      Ogni servizio è una card full-width con bordo laterale alternato verde/arancio. Icona + titolo + descrizione. Scorrimento naturale, leggibilissimo su mobile.","choice":"a","id":null,"timestamp":1780735158251}
{"type":"screen-added","file":"/Users/wepan/repo/officina-camper/.superpowers/brainstorm/37782-1780734769/content/waiting-1.html"}
{"type":"screen-added","file":"/Users/wepan/repo/officina-camper/.superpowers/brainstorm/37782-1780734769/content/full-design.html"}
{"type":"screen-updated","file":"/Users/wepan/repo/officina-camper/.superpowers/brainstorm/37782-1780734769/content/full-design.html"}
{"type":"screen-updated","file":"/Users/wepan/repo/officina-camper/.superpowers/brainstorm/37782-1780734769/content/full-design.html"}
{"type":"screen-updated","file":"/Users/wepan/repo/officina-camper/.superpowers/brainstorm/37782-1780734769/content/full-design.html"}
{"type":"screen-updated","file":"/Users/wepan/repo/officina-camper/.superpowers/brainstorm/37782-1780734769/content/full-design.html"}
{"type":"screen-added","file":"/Users/wepan/repo/officina-camper/.superpowers/brainstorm/37782-1780734769/content/full-design-v2.html"}
{"type":"screen-updated","file":"/Users/wepan/repo/officina-camper/.superpowers/brainstorm/37782-1780734769/content/full-design-v2.html"}
{"type":"screen-updated","file":"/Users/wepan/repo/officina-camper/.superpowers/brainstorm/37782-1780734769/content/full-design-v2.html"}
{"type":"screen-updated","file":"/Users/wepan/repo/officina-camper/.superpowers/brainstorm/37782-1780734769/content/full-design-v2.html"}
{"type":"screen-updated","file":"/Users/wepan/repo/officina-camper/.superpowers/brainstorm/37782-1780734769/content/full-design-v2.html"}
{"type":"screen-updated","file":"/Users/wepan/repo/officina-camper/.superpowers/brainstorm/37782-1780734769/content/full-design-v2.html"}
{"type":"screen-added","file":"/Users/wepan/repo/officina-camper/.superpowers/brainstorm/37782-1780734769/content/full-design-v3.html"}
{"type":"server-stopped","reason":"idle timeout"}
